


ARM Macro Assembler    Page 1 


    1 00000000                 AREA             RESET,DATA,READONLY
    2 00000000                 EXPORT           __Vectors
    3 00000000         __Vectors
    4 00000000 10001000        DCD              0x10001000
    5 00000004 00000000        DCD              Reset_Handler
    6 00000008         
    7 00000008                 ALIGN
    8 00000008         
    9 00000008                 AREA             mycode,CODE,READONLY
   10 00000000                 ENTRY
   11 00000000                 EXPORT           Reset_Handler
   12 00000000         
   13 00000000         Reset_Handler
   14 00000000 4811            LDR              R0,=SRC
   15 00000002         
   16 00000002 F04F 030A       MOV              R3,#10
   17 00000006 F04F 0200       MOV              R2,#0
   18 0000000A         
   19 0000000A F850 1B04 
                       UP      LDR              R1,[R0],#4
   20 0000000E 1852            ADDS             R2,R1
   21 00000010 F145 0500       ADC              R5,#0
   22 00000014 3B01            SUBS             R3,#1
   23 00000016 D1F8            BNE              UP
   24 00000018         
   25 00000018 4C0C            LDR              R4,=Result
   26 0000001A 6022            STR              R2,[R4]
   27 0000001C E7FE    STOP    B                STOP
   28 0000001E 00 00 12345678 
              ABCDEF55 
              00000055 
              45612378 
              56781234 
              EF55ABCD 
              15151555 
              23784561 
              EFABCD12 
              15557878 SRC     DCD              0x12345678,0xABCDEF55,0x55,0x45
612378,0x56781234,0xEF55ABCD,0x15151555,0x23784561,0xEFABCD12,0x15557878
   29 00000048 00000000 
              00000000         AREA             mydata,DATA,READWRITE
   30 00000000         
   31 00000000 00000000 
                       Result  DCD              0
   32 00000004         
   33 00000004                 END
Command Line: --debug --xref --cpu=Cortex-M3 --apcs=interwork --depend=codeFile
.d -ocodeFile.o -IC:\Keil\ARM\RV31\INC -IC:\Keil\ARM\CMSIS\Include -IC:\Keil\AR
M\Inc\NXP\LPC17xx --predefine="__EVAL SETA 1" --list=.\codeFile.lst addTen32bit
Nos\codeFile.asm



ARM Macro Assembler    Page 1 Alphabetic symbol ordering
Relocatable symbols

RESET 00000000

Symbol: RESET
   Definitions
      At line 1 in file addTen32bitNos\codeFile.asm
   Uses
      None
Comment: RESET unused
__Vectors 00000000

Symbol: __Vectors
   Definitions
      At line 3 in file addTen32bitNos\codeFile.asm
   Uses
      At line 2 in file addTen32bitNos\codeFile.asm
Comment: __Vectors used once
2 symbols



ARM Macro Assembler    Page 1 Alphabetic symbol ordering
Relocatable symbols

Reset_Handler 00000000

Symbol: Reset_Handler
   Definitions
      At line 13 in file addTen32bitNos\codeFile.asm
   Uses
      At line 5 in file addTen32bitNos\codeFile.asm
      At line 11 in file addTen32bitNos\codeFile.asm

SRC 00000020

Symbol: SRC
   Definitions
      At line 28 in file addTen32bitNos\codeFile.asm
   Uses
      At line 14 in file addTen32bitNos\codeFile.asm
Comment: SRC used once
STOP 0000001C

Symbol: STOP
   Definitions
      At line 27 in file addTen32bitNos\codeFile.asm
   Uses
      At line 27 in file addTen32bitNos\codeFile.asm
Comment: STOP used once
UP 0000000A

Symbol: UP
   Definitions
      At line 19 in file addTen32bitNos\codeFile.asm
   Uses
      At line 23 in file addTen32bitNos\codeFile.asm
Comment: UP used once
mycode 00000000

Symbol: mycode
   Definitions
      At line 9 in file addTen32bitNos\codeFile.asm
   Uses
      None
Comment: mycode unused
5 symbols



ARM Macro Assembler    Page 1 Alphabetic symbol ordering
Relocatable symbols

Result 00000000

Symbol: Result
   Definitions
      At line 31 in file addTen32bitNos\codeFile.asm
   Uses
      At line 25 in file addTen32bitNos\codeFile.asm
Comment: Result used once
mydata 00000000

Symbol: mydata
   Definitions
      At line 29 in file addTen32bitNos\codeFile.asm
   Uses
      None
Comment: mydata unused
2 symbols
342 symbols in table
