


ARM Macro Assembler    Page 1 


    1 00000000                 AREA             RESET,DATA,READONLY
    2 00000000                 EXPORT           __Vectors
    3 00000000         __Vectors
    4 00000000 10001000        DCD              0x10001000
    5 00000004 00000000        DCD              Reset_Handler
    6 00000008         
    7 00000008                 ALIGN
    8 00000008         
    9 00000008                 AREA             mycode,CODE,READONLY
   10 00000000                 ENTRY
   11 00000000                 EXPORT           Reset_Handler
   12 00000000         
   13 00000000         Reset_Handler
   14 00000000 480F            LDR              R0,=SRC
   15 00000002 4910            LDR              R1,=DST
   16 00000004         
   17 00000004 F04F 030A       MOV              R3,#10
   18 00000008         
   19 00000008 F850 2B04 
                       UP      LDR              R2,[R0],#4
   20 0000000C F841 2B04       STR              R2,[R1],#4
   21 00000010         
   22 00000010 3B01            SUBS             R3,#1
   23 00000012 D1F9            BNE              UP
   24 00000014         
   25 00000014 E7FE    STOP    B                STOP
   26 00000016         
   27 00000016 00 00 12345678 
              ABCDEF55 
              00000055 
              45612378 
              56781234 
              EF55ABCD 
              15151555 
              23784561 
              EFABCD12 
              15557878 SRC     DCD              0x12345678,0xABCDEF55,0x55,0x45
612378,0x56781234,0xEF55ABCD,0x15151555,0x23784561,0xEFABCD12,0x15557878
   28 00000040         
   29 00000040 00000000 
              00000000         AREA             mydata,DATA,READWRITE
   30 00000000 00000000 
              00000000 
              00000000 
              00000000 
              00000000 
              00000000 
              00000000 
              00000000 
              00000000 
              00000000 DST     DCD              0,0,0,0,0,0,0,0,0,0
   31 00000028         
   32 00000028                 END
Command Line: --debug --xref --cpu=Cortex-M3 --apcs=interwork --depend=codeFile
.d -ocodeFile.o -IC:\Keil\ARM\RV31\INC -IC:\Keil\ARM\CMSIS\Include -IC:\Keil\AR
M\Inc\NXP\LPC17xx --predefine="__EVAL SETA 1" --list=codeFile.lst codeFile.asm



ARM Macro Assembler    Page 1 Alphabetic symbol ordering
Relocatable symbols

RESET 00000000

Symbol: RESET
   Definitions
      At line 1 in file codeFile.asm
   Uses
      None
Comment: RESET unused
__Vectors 00000000

Symbol: __Vectors
   Definitions
      At line 3 in file codeFile.asm
   Uses
      At line 2 in file codeFile.asm
Comment: __Vectors used once
2 symbols



ARM Macro Assembler    Page 1 Alphabetic symbol ordering
Relocatable symbols

Reset_Handler 00000000

Symbol: Reset_Handler
   Definitions
      At line 13 in file codeFile.asm
   Uses
      At line 5 in file codeFile.asm
      At line 11 in file codeFile.asm

SRC 00000018

Symbol: SRC
   Definitions
      At line 27 in file codeFile.asm
   Uses
      At line 14 in file codeFile.asm
Comment: SRC used once
STOP 00000014

Symbol: STOP
   Definitions
      At line 25 in file codeFile.asm
   Uses
      At line 25 in file codeFile.asm
Comment: STOP used once
UP 00000008

Symbol: UP
   Definitions
      At line 19 in file codeFile.asm
   Uses
      At line 23 in file codeFile.asm
Comment: UP used once
mycode 00000000

Symbol: mycode
   Definitions
      At line 9 in file codeFile.asm
   Uses
      None
Comment: mycode unused
5 symbols



ARM Macro Assembler    Page 1 Alphabetic symbol ordering
Relocatable symbols

DST 00000000

Symbol: DST
   Definitions
      At line 30 in file codeFile.asm
   Uses
      At line 15 in file codeFile.asm
Comment: DST used once
mydata 00000000

Symbol: mydata
   Definitions
      At line 29 in file codeFile.asm
   Uses
      None
Comment: mydata unused
2 symbols
342 symbols in table
