


ARM Macro Assembler    Page 1 


    1 00000000                 AREA             RESET,DATA,READONLY
    2 00000000                 EXPORT           __Vectors
    3 00000000         __Vectors
    4 00000000 10001000        DCD              0x10001000
    5 00000004 00000000        DCD              Reset_Handler
    6 00000008         
    7 00000008                 ALIGN
    8 00000008         
    9 00000008                 AREA             mycode,CODE,READONLY
   10 00000000                 ENTRY
   11 00000000                 EXPORT           Reset_Handler
   12 00000000         
   13 00000000         Reset_Handler
   14 00000000 4816            LDR              R0,=SRC
   15 00000002 4917            LDR              R1,=DST
   16 00000004 6842            LDR              R2,[R0,#4]
   17 00000006 604A            STR              R2,[R1,#4]
   18 00000008 6842            LDR              R2,[R0,#4]
   19 0000000A 604A            STR              R2,[R1,#4]
   20 0000000C 6842            LDR              R2,[R0,#4]
   21 0000000E 604A            STR              R2,[R1,#4]
   22 00000010 6842            LDR              R2,[R0,#4]
   23 00000012 604A            STR              R2,[R1,#4]
   24 00000014 6842            LDR              R2,[R0,#4]
   25 00000016 604A            STR              R2,[R1,#4]
   26 00000018 6842            LDR              R2,[R0,#4]
   27 0000001A 604A            STR              R2,[R1,#4]
   28 0000001C 6842            LDR              R2,[R0,#4]
   29 0000001E 604A            STR              R2,[R1,#4]
   30 00000020 6842            LDR              R2,[R0,#4]
   31 00000022 604A            STR              R2,[R1,#4]
   32 00000024 6842            LDR              R2,[R0,#4]
   33 00000026 604A            STR              R2,[R1,#4]
   34 00000028 6802            LDR              R2,[R0]
   35 0000002A 600A            STR              R2,[R1]
   36 0000002C         
   37 0000002C E7FE    STOP    B                STOP
   38 0000002E         
   39 0000002E 00 00 12345678 
              ABCDEF55 
              00000055 
              45612378 
              56781234 
              EF55ABCD 
              15151555 
              23784561 
              EFABCD12 
              15557878 
              2378ABCD SRC     DCD              0x12345678,0xABCDEF55,0x55,0x45
612378,0x56781234,0xEF55ABCD,0x15151555,0x23784561,0xEFABCD12,0x15557878,0x2378
ABCD
   40 0000005C         
   41 0000005C 00000000 
              00000000         AREA             mydata,DATA,READWRITE
   42 00000000 00000000 
              00000000 
              00000000 
              00000000 
              00000000 



ARM Macro Assembler    Page 2 


              00000000 
              00000000 
              00000000 DST     DCD              0,0,0,0,0,0,0,0
   43 00000020         
   44 00000020                 END
Command Line: --debug --xref --cpu=Cortex-M3 --apcs=interwork --depend=codeFile
2.d -ocodeFile2.o -IC:\Keil\ARM\RV31\INC -IC:\Keil\ARM\CMSIS\Include -IC:\Keil\
ARM\Inc\NXP\LPC17xx --predefine="__EVAL SETA 1" --list=codeFile2.lst codeFile2.
asm



ARM Macro Assembler    Page 1 Alphabetic symbol ordering
Relocatable symbols

RESET 00000000

Symbol: RESET
   Definitions
      At line 1 in file codeFile2.asm
   Uses
      None
Comment: RESET unused
__Vectors 00000000

Symbol: __Vectors
   Definitions
      At line 3 in file codeFile2.asm
   Uses
      At line 2 in file codeFile2.asm
Comment: __Vectors used once
2 symbols



ARM Macro Assembler    Page 1 Alphabetic symbol ordering
Relocatable symbols

Reset_Handler 00000000

Symbol: Reset_Handler
   Definitions
      At line 13 in file codeFile2.asm
   Uses
      At line 5 in file codeFile2.asm
      At line 11 in file codeFile2.asm

SRC 00000030

Symbol: SRC
   Definitions
      At line 39 in file codeFile2.asm
   Uses
      At line 14 in file codeFile2.asm
Comment: SRC used once
STOP 0000002C

Symbol: STOP
   Definitions
      At line 37 in file codeFile2.asm
   Uses
      At line 37 in file codeFile2.asm
Comment: STOP used once
mycode 00000000

Symbol: mycode
   Definitions
      At line 9 in file codeFile2.asm
   Uses
      None
Comment: mycode unused
4 symbols



ARM Macro Assembler    Page 1 Alphabetic symbol ordering
Relocatable symbols

DST 00000000

Symbol: DST
   Definitions
      At line 42 in file codeFile2.asm
   Uses
      At line 15 in file codeFile2.asm
Comment: DST used once
mydata 00000000

Symbol: mydata
   Definitions
      At line 41 in file codeFile2.asm
   Uses
      None
Comment: mydata unused
2 symbols
341 symbols in table
