


ARM Macro Assembler    Page 1 


    1 00000000                 AREA             RESET,DATA,READONLY
    2 00000000                 EXPORT           __Vectors
    3 00000000         __Vectors
    4 00000000 10001000        DCD              0x10001000
    5 00000004 00000000        DCD              Reset_Handler
    6 00000008                 ALIGN
    7 00000008                 AREA             mycoode,CODE,READONLY
    8 00000000                 ENTRY
    9 00000000                 EXPORT           Reset_Handler
   10 00000000         Reset_Handler
   11 00000000 F04F 000A       MOV              R0,#10
   12 00000004 F04F 0110       MOV              R1,#0x10
   13 00000008 F04F 020A       MOV              R2,#2_1010
   14 0000000C F04F 030B       MOV              R3,#4_23
   15 00000010 F04F 34FF       MOV              R4,#-1
   16 00000014 E7FE    STOP    B                STOP
   17 00000016                 END
Command Line: --debug --xref --cpu=Cortex-M3 --apcs=interwork --depend=firstTri
al.d -ofirstTrial.o -IC:\Keil\ARM\RV31\INC -IC:\Keil\ARM\CMSIS\Include -IC:\Kei
l\ARM\Inc\NXP\LPC17xx --predefine="__EVAL SETA 1" --list=firstTrial.lst firstTr
ial.asm



ARM Macro Assembler    Page 1 Alphabetic symbol ordering
Relocatable symbols

RESET 00000000

Symbol: RESET
   Definitions
      At line 1 in file firstTrial.asm
   Uses
      None
Comment: RESET unused
__Vectors 00000000

Symbol: __Vectors
   Definitions
      At line 3 in file firstTrial.asm
   Uses
      At line 2 in file firstTrial.asm
Comment: __Vectors used once
2 symbols



ARM Macro Assembler    Page 1 Alphabetic symbol ordering
Relocatable symbols

Reset_Handler 00000000

Symbol: Reset_Handler
   Definitions
      At line 10 in file firstTrial.asm
   Uses
      At line 5 in file firstTrial.asm
      At line 9 in file firstTrial.asm

STOP 00000014

Symbol: STOP
   Definitions
      At line 16 in file firstTrial.asm
   Uses
      At line 16 in file firstTrial.asm
Comment: STOP used once
mycoode 00000000

Symbol: mycoode
   Definitions
      At line 7 in file firstTrial.asm
   Uses
      None
Comment: mycoode unused
3 symbols
336 symbols in table
