


ARM Macro Assembler    Page 1 


    1 00000000                 AREA             RESET,DATA,READONLY
    2 00000000                 EXPORT           __Vectors
    3 00000000         __Vectors
    4 00000000 10001000        DCD              0x10001000
    5 00000004 00000000        DCD              Reset_Handler
    6 00000008         
    7 00000008                 ALIGN
    8 00000008         
    9 00000008                 AREA             mycode,CODE,READONLY
   10 00000000                 ENTRY
   11 00000000                 EXPORT           Reset_Handler
   12 00000000         
   13 00000000         Reset_Handler
   14 00000000 480C            LDR              R0,=SRC
   15 00000002 490D            LDR              R1,=DST
   16 00000004         
   17 00000004 F850 3F10       LDR              R3,[R0,#16]!
   18 00000008 6008            STR              R0,[R1]
   19 0000000A         
   20 0000000A         
   21 0000000A E7FE    STOP    B                STOP
   22 0000000C         
   23 0000000C 12345678 
              ABCDEF55 
              00000055 
              45612378 
              56781234 
              EF55ABCD 
              15151555 
              23784561 
              EFABCD12 
              15557878 SRC     DCD              0x12345678,0xABCDEF55,0x55,0x45
612378,0x56781234,0xEF55ABCD,0x15151555,0x23784561,0xEFABCD12,0x15557878
   24 00000034         
   25 00000034 00000000 
              00000000         AREA             mydata,DATA,READWRITE
   26 00000000 00000000 
              00000000 
              00000000 
              00000000 
              00000000 
              00000000 
              00000000 
              00000000 
              00000000 
              00000000 DST     DCD              0,0,0,0,0,0,0,0,0,0
   27 00000028         
   28 00000028                 END
Command Line: --debug --xref --cpu=Cortex-M3 --apcs=interwork --depend=codeFile
.d -ocodeFile.o -IC:\Keil\ARM\RV31\INC -IC:\Keil\ARM\CMSIS\Include -IC:\Keil\AR
M\Inc\NXP\LPC17xx --predefine="__EVAL SETA 1" --list=codeFile.lst codeFile.asm



ARM Macro Assembler    Page 1 Alphabetic symbol ordering
Relocatable symbols

RESET 00000000

Symbol: RESET
   Definitions
      At line 1 in file codeFile.asm
   Uses
      None
Comment: RESET unused
__Vectors 00000000

Symbol: __Vectors
   Definitions
      At line 3 in file codeFile.asm
   Uses
      At line 2 in file codeFile.asm
Comment: __Vectors used once
2 symbols



ARM Macro Assembler    Page 1 Alphabetic symbol ordering
Relocatable symbols

Reset_Handler 00000000

Symbol: Reset_Handler
   Definitions
      At line 13 in file codeFile.asm
   Uses
      At line 5 in file codeFile.asm
      At line 11 in file codeFile.asm

SRC 0000000C

Symbol: SRC
   Definitions
      At line 23 in file codeFile.asm
   Uses
      At line 14 in file codeFile.asm
Comment: SRC used once
STOP 0000000A

Symbol: STOP
   Definitions
      At line 21 in file codeFile.asm
   Uses
      At line 21 in file codeFile.asm
Comment: STOP used once
mycode 00000000

Symbol: mycode
   Definitions
      At line 9 in file codeFile.asm
   Uses
      None
Comment: mycode unused
4 symbols



ARM Macro Assembler    Page 1 Alphabetic symbol ordering
Relocatable symbols

DST 00000000

Symbol: DST
   Definitions
      At line 26 in file codeFile.asm
   Uses
      At line 15 in file codeFile.asm
Comment: DST used once
mydata 00000000

Symbol: mydata
   Definitions
      At line 25 in file codeFile.asm
   Uses
      None
Comment: mydata unused
2 symbols
341 symbols in table
