


ARM Macro Assembler    Page 1 


    1 00000000                 AREA             RESET,DATA,READONLY
    2 00000000                 EXPORT           __Vectors
    3 00000000         __Vectors
    4 00000000 10001000        DCD              0x10001000
    5 00000004 00000000        DCD              Reset_Handler
    6 00000008         
    7 00000008                 ALIGN
    8 00000008         
    9 00000008                 AREA             mycode,CODE,READONLY
   10 00000000                 ENTRY
   11 00000000                 EXPORT           Reset_Handler
   12 00000000         
   13 00000000         Reset_Handler
   14 00000000 481D            LDR              R0,=SRC
   15 00000002 491E            LDR              R1,=DST
   16 00000004 6802            LDR              R2,[R0]
   17 00000006 600A            STR              R2,[R1]
   18 00000008 F850 2F04       LDR              R2,[R0,#4]!
   19 0000000C F841 2F04       STR              R2,[R1,#4]!
   20 00000010 F850 2F04       LDR              R2,[R0,#4]!
   21 00000014 F841 2F04       STR              R2,[R1,#4]!
   22 00000018 F850 2F04       LDR              R2,[R0,#4]!
   23 0000001C F841 2F04       STR              R2,[R1,#4]!
   24 00000020 F850 2F04       LDR              R2,[R0,#4]!
   25 00000024 F841 2F04       STR              R2,[R1,#4]!
   26 00000028 F850 2F04       LDR              R2,[R0,#4]!
   27 0000002C F841 2F04       STR              R2,[R1,#4]!
   28 00000030 F850 2F04       LDR              R2,[R0,#4]!
   29 00000034 F841 2F04       STR              R2,[R1,#4]!
   30 00000038 F850 2F04       LDR              R2,[R0,#4]!
   31 0000003C F841 2F04       STR              R2,[R1,#4]!
   32 00000040 F850 2F04       LDR              R2,[R0,#4]!
   33 00000044 F841 2F04       STR              R2,[R1,#4]!
   34 00000048 6842            LDR              R2,[R0,#4]
   35 0000004A 604A            STR              R2,[R1,#4]
   36 0000004C         
   37 0000004C E7FE    STOP    B                STOP
   38 0000004E         
   39 0000004E 00 00 12345678 
              ABCDEF55 
              00000055 
              45612378 
              56781234 
              EF55ABCD 
              15151555 
              23784561 
              EFABCD12 
              15557878 SRC     DCD              0x12345678,0xABCDEF55,0x55,0x45
612378,0x56781234,0xEF55ABCD,0x15151555,0x23784561,0xEFABCD12,0x15557878
   40 00000078         
   41 00000078 00000000 
              00000000         AREA             mydata,DATA,READWRITE
   42 00000000 00000000 
              00000000 
              00000000 
              00000000 
              00000000 
              00000000 
              00000000 



ARM Macro Assembler    Page 2 


              00000000 
              00000000 
              00000000 DST     DCD              0,0,0,0,0,0,0,0,0,0
   43 00000028         
   44 00000028                 END
Command Line: --debug --xref --cpu=Cortex-M3 --apcs=interwork --depend=codeFile
.d -ocodeFile.o -IC:\Keil\ARM\RV31\INC -IC:\Keil\ARM\CMSIS\Include -IC:\Keil\AR
M\Inc\NXP\LPC17xx --predefine="__EVAL SETA 1" --list=codeFile.lst codeFile.asm



ARM Macro Assembler    Page 1 Alphabetic symbol ordering
Relocatable symbols

RESET 00000000

Symbol: RESET
   Definitions
      At line 1 in file codeFile.asm
   Uses
      None
Comment: RESET unused
__Vectors 00000000

Symbol: __Vectors
   Definitions
      At line 3 in file codeFile.asm
   Uses
      At line 2 in file codeFile.asm
Comment: __Vectors used once
2 symbols



ARM Macro Assembler    Page 1 Alphabetic symbol ordering
Relocatable symbols

Reset_Handler 00000000

Symbol: Reset_Handler
   Definitions
      At line 13 in file codeFile.asm
   Uses
      At line 5 in file codeFile.asm
      At line 11 in file codeFile.asm

SRC 00000050

Symbol: SRC
   Definitions
      At line 39 in file codeFile.asm
   Uses
      At line 14 in file codeFile.asm
Comment: SRC used once
STOP 0000004C

Symbol: STOP
   Definitions
      At line 37 in file codeFile.asm
   Uses
      At line 37 in file codeFile.asm
Comment: STOP used once
mycode 00000000

Symbol: mycode
   Definitions
      At line 9 in file codeFile.asm
   Uses
      None
Comment: mycode unused
4 symbols



ARM Macro Assembler    Page 1 Alphabetic symbol ordering
Relocatable symbols

DST 00000000

Symbol: DST
   Definitions
      At line 42 in file codeFile.asm
   Uses
      At line 15 in file codeFile.asm
Comment: DST used once
mydata 00000000

Symbol: mydata
   Definitions
      At line 41 in file codeFile.asm
   Uses
      None
Comment: mydata unused
2 symbols
341 symbols in table
